<?xml version="1.0" encoding="UTF-8"?>
<!-- Generated by org.testng.reporters.JUnitReportReporter -->
<testsuite hostname="DESKTOP-QJAL9J9" failures="0" tests="1" name="com.simplilearn.testng.Flipkart" time="42.397" errors="0" timestamp="2022-10-11T09:31:46 IST" skipped="0">
  <testcase classname="com.simplilearn.testng.Flipkart" name="flipkart" time="42.397"/>
  <system-out/>
</testsuite> <!-- com.simplilearn.testng.Flipkart -->
