<?xml version="1.0" encoding="UTF-8"?>
<!-- Generated by org.testng.reporters.JUnitReportReporter -->
<testsuite hostname="DESKTOP-QJAL9J9" failures="0" tests="2" name="com.simplilearn.testing.FirstDemo" time="0.062" errors="0" timestamp="2022-10-03T17:56:28 IST" skipped="0">
  <testcase classname="com.simplilearn.testing.FirstDemo" name="Test2" time="0.010"/>
  <system-out/>
  <testcase classname="com.simplilearn.testing.FirstDemo" name="Test1" time="0.052"/>
  <system-out/>
</testsuite> <!-- com.simplilearn.testing.FirstDemo -->
