<?xml version="1.0" encoding="UTF-8"?>
<!-- Generated by org.testng.reporters.JUnitReportReporter -->
<testsuite hostname="DESKTOP-QJAL9J9" failures="0" tests="2" name="com.simplilearn.testing.Assertion" time="12.158" errors="0" timestamp="2022-10-03T17:56:28 IST" skipped="0">
  <testcase classname="com.simplilearn.testing.Assertion" name="TitleTestFacebook" time="6.219"/>
  <system-out/>
  <testcase classname="com.simplilearn.testing.Assertion" name="TitleTest" time="5.939"/>
  <system-out/>
</testsuite> <!-- com.simplilearn.testing.Assertion -->
