<?xml version="1.0" encoding="UTF-8"?>
<!-- Generated by org.testng.reporters.JUnitReportReporter -->
<testsuite hostname="DESKTOP-QJAL9J9" failures="0" tests="1" name="com.simplilearn.testing.FacebookLogin" time="7.339" errors="0" timestamp="2022-10-04T08:26:16 IST" skipped="0">
  <testcase classname="com.simplilearn.testing.FacebookLogin" name="facebook" time="7.339"/>
  <system-out/>
</testsuite> <!-- com.simplilearn.testing.FacebookLogin -->
